[2026-03-25 13:58:21 UTC] ==================================================
[2026-03-25 13:58:21 UTC] Bot v4 | 2026-03-25 13:58 UTC | paper=True | bet=$5.0
[2026-03-25 13:58:21 UTC] ⏱ Execution drift: 201s past 5-min mark (target <90s, ideal <30s)
[2026-03-25 13:58:21 UTC] Fetching data (parallel)...
[2026-03-25 13:58:21 UTC] Candles: trying Chainlink...
[2026-03-25 13:58:21 UTC] Retry 1/3 (400 Client Error: Bad Request for url: https://clob.polymarket.com/prices-history?market=BTC-USD&interval=1m&fidelity=5)
[2026-03-25 13:58:21 UTC] Chainlink failed, trying Kraken...
[2026-03-25 13:58:21 UTC] Kraken candles: 100 | $71,691.10
[2026-03-25 13:58:23 UTC] Retry 2/3 (400 Client Error: Bad Request for url: https://clob.polymarket.com/prices-history?market=BTC-USD&interval=1m&fidelity=5)
[2026-03-25 13:58:28 UTC] Failed after 3 attempts: 400 Client Error: Bad Request for url: https://clob.polymarket.com/prices-history?market=BTC-USD&interval=1m&fidelity=5
[2026-03-25 13:58:28 UTC] Kraken price fallback: $71,691.10
[2026-03-25 13:58:28 UTC] No trades recorded yet.
[2026-03-25 13:58:28 UTC] Strategy 'previous_candle' → DOWN
[2026-03-25 13:58:28 UTC] 📝 [PAPER TRADE] $5.0 → DOWN at Chainlink $71,691.10
[2026-03-25 13:58:28 UTC] ==================================================
[2026-03-25 14:25:07 UTC] ==================================================
[2026-03-25 14:25:07 UTC] Bot v4 | 2026-03-25 14:25 UTC | paper=True | bet=$5.0
[2026-03-25 14:25:07 UTC] ⏱ Execution drift: 7s past 5-min mark (target <90s, ideal <30s)
[2026-03-25 14:25:07 UTC] Fetching data (parallel)...
[2026-03-25 14:25:07 UTC] Candles: trying Chainlink...
[2026-03-25 14:25:07 UTC] Retry 1/3 (400 Client Error: Bad Request for url: https://clob.polymarket.com/prices-history?market=BTC-USD&interval=1m&fidelity=5)
[2026-03-25 14:25:07 UTC] Chainlink failed, trying Kraken...
[2026-03-25 14:25:07 UTC] Kraken candles: 100 | $71,295.90
[2026-03-25 14:25:09 UTC] Retry 2/3 (400 Client Error: Bad Request for url: https://clob.polymarket.com/prices-history?market=BTC-USD&interval=1m&fidelity=5)
[2026-03-25 14:25:13 UTC] Failed after 3 attempts: 400 Client Error: Bad Request for url: https://clob.polymarket.com/prices-history?market=BTC-USD&interval=1m&fidelity=5
[2026-03-25 14:25:13 UTC] Kraken price fallback: $71,395.90
[2026-03-25 14:25:13 UTC] ──────────────────────────────────────────────────
[2026-03-25 14:25:13 UTC] OUTCOME ✅  Signal: DOWN | Actual: DOWN
[2026-03-25 14:25:13 UTC] Price:  $71,691.10 → $71,395.90 ($-295.20)
[2026-03-25 14:25:13 UTC] P&L this trade: $+4.50
[2026-03-25 14:25:13 UTC] ──────────────────────────────────────────────────
[2026-03-25 14:25:13 UTC] 📊 PERFORMANCE SUMMARY
[2026-03-25 14:25:13 UTC]    Trades:     1 (1W / 0L)
[2026-03-25 14:25:13 UTC]    Win rate:   100.0% (✅ above 52.6% break-even)
[2026-03-25 14:25:13 UTC]    Total P&L:  $+4.50
[2026-03-25 14:25:13 UTC]    Best trade: $+4.50
[2026-03-25 14:25:13 UTC]    Worst:      $+4.50
[2026-03-25 14:25:13 UTC]    Loss streak:0 (circuit breaker at 5)
[2026-03-25 14:25:13 UTC] Strategy 'previous_candle' → DOWN
[2026-03-25 14:25:13 UTC] 📝 [PAPER TRADE] $5.0 → DOWN at Chainlink $71,395.90
[2026-03-25 14:25:13 UTC] ==================================================
[2026-03-25 14:26:55 UTC] ==================================================
[2026-03-25 14:26:55 UTC] Bot v4 | 2026-03-25 14:26 UTC | paper=True | bet=$5.0
[2026-03-25 14:26:55 UTC] ⏱ Execution drift: 115s past 5-min mark (target <90s, ideal <30s)
[2026-03-25 14:26:55 UTC] Fetching data (parallel)...
[2026-03-25 14:26:55 UTC] Candles: trying Chainlink...
[2026-03-25 14:26:56 UTC] Retry 1/3 (400 Client Error: Bad Request for url: https://clob.polymarket.com/prices-history?market=BTC-USD&interval=1m&fidelity=5)
[2026-03-25 14:26:56 UTC] Chainlink failed, trying Kraken...
[2026-03-25 14:26:56 UTC] Kraken candles: 100 | $71,344.00
[2026-03-25 14:26:58 UTC] Retry 2/3 (400 Client Error: Bad Request for url: https://clob.polymarket.com/prices-history?market=BTC-USD&interval=1m&fidelity=5)
[2026-03-25 14:27:02 UTC] Failed after 3 attempts: 400 Client Error: Bad Request for url: https://clob.polymarket.com/prices-history?market=BTC-USD&interval=1m&fidelity=5
[2026-03-25 14:27:02 UTC] Kraken price fallback: $71,344.00
[2026-03-25 14:27:02 UTC] ──────────────────────────────────────────────────
[2026-03-25 14:27:02 UTC] OUTCOME ✅  Signal: DOWN | Actual: DOWN
[2026-03-25 14:27:02 UTC] Price:  $71,395.90 → $71,344.00 ($-51.90)
[2026-03-25 14:27:02 UTC] P&L this trade: $+4.50
[2026-03-25 14:27:02 UTC] ──────────────────────────────────────────────────
[2026-03-25 14:27:02 UTC] 📊 PERFORMANCE SUMMARY
[2026-03-25 14:27:02 UTC]    Trades:     2 (2W / 0L)
[2026-03-25 14:27:02 UTC]    Win rate:   100.0% (✅ above 52.6% break-even)
[2026-03-25 14:27:02 UTC]    Total P&L:  $+9.00
[2026-03-25 14:27:02 UTC]    Best trade: $+4.50
[2026-03-25 14:27:02 UTC]    Worst:      $+4.50
[2026-03-25 14:27:02 UTC]    Loss streak:0 (circuit breaker at 5)
[2026-03-25 14:27:02 UTC] Strategy 'previous_candle' → DOWN
[2026-03-25 14:27:02 UTC] 📝 [PAPER TRADE] $5.0 → DOWN at Chainlink $71,344.00
[2026-03-25 14:27:02 UTC] ==================================================
[2026-03-25 14:29:05 UTC] ==================================================
[2026-03-25 14:29:05 UTC] Bot v4 | 2026-03-25 14:29 UTC | paper=True | bet=$5.0
[2026-03-25 14:29:05 UTC] ⏱ Execution drift: 245s past 5-min mark (target <90s, ideal <30s)
[2026-03-25 14:29:05 UTC] Fetching data (parallel)...
[2026-03-25 14:29:05 UTC] Candles: trying Chainlink...
[2026-03-25 14:29:05 UTC] Retry 1/3 (400 Client Error: Bad Request for url: https://clob.polymarket.com/prices-history?market=BTC-USD&interval=1m&fidelity=5)
[2026-03-25 14:29:05 UTC] Chainlink failed, trying Kraken...
[2026-03-25 14:29:05 UTC] Kraken candles: 100 | $71,296.30
[2026-03-25 14:29:07 UTC] Retry 2/3 (400 Client Error: Bad Request for url: https://clob.polymarket.com/prices-history?market=BTC-USD&interval=1m&fidelity=5)
[2026-03-25 14:29:11 UTC] Failed after 3 attempts: 400 Client Error: Bad Request for url: https://clob.polymarket.com/prices-history?market=BTC-USD&interval=1m&fidelity=5
[2026-03-25 14:29:11 UTC] Kraken price fallback: $71,296.10
[2026-03-25 14:29:11 UTC] ──────────────────────────────────────────────────
[2026-03-25 14:29:11 UTC] OUTCOME ✅  Signal: DOWN | Actual: DOWN
[2026-03-25 14:29:11 UTC] Price:  $71,344.00 → $71,296.10 ($-47.90)
[2026-03-25 14:29:11 UTC] P&L this trade: $+4.50
[2026-03-25 14:29:11 UTC] ──────────────────────────────────────────────────
[2026-03-25 14:29:11 UTC] 📊 PERFORMANCE SUMMARY
[2026-03-25 14:29:11 UTC]    Trades:     3 (3W / 0L)
[2026-03-25 14:29:11 UTC]    Win rate:   100.0% (✅ above 52.6% break-even)
[2026-03-25 14:29:11 UTC]    Total P&L:  $+13.50
[2026-03-25 14:29:11 UTC]    Best trade: $+4.50
[2026-03-25 14:29:11 UTC]    Worst:      $+4.50
[2026-03-25 14:29:11 UTC]    Loss streak:0 (circuit breaker at 5)
[2026-03-25 14:29:11 UTC] Strategy 'previous_candle' → DOWN
[2026-03-25 14:29:11 UTC] 📝 [PAPER TRADE] $5.0 → DOWN at Chainlink $71,296.10
[2026-03-25 14:29:11 UTC] ==================================================
[2026-03-25 14:34:51 UTC] ==================================================
[2026-03-25 14:34:51 UTC] Bot v4 | 2026-03-25 14:34 UTC | paper=True | bet=$5.0
[2026-03-25 14:34:51 UTC] ⏱ Execution drift: 291s past 5-min mark (target <90s, ideal <30s)
[2026-03-25 14:34:51 UTC] Fetching data (parallel)...
[2026-03-25 14:34:51 UTC] Candles: trying Chainlink...
[2026-03-25 14:34:52 UTC] Retry 1/3 (400 Client Error: Bad Request for url: https://clob.polymarket.com/prices-history?market=BTC-USD&interval=1m&fidelity=5)
[2026-03-25 14:34:52 UTC] Chainlink failed, trying Kraken...
[2026-03-25 14:34:52 UTC] Kraken candles: 100 | $71,478.00
[2026-03-25 14:34:54 UTC] Retry 2/3 (400 Client Error: Bad Request for url: https://clob.polymarket.com/prices-history?market=BTC-USD&interval=1m&fidelity=5)
[2026-03-25 14:34:58 UTC] Failed after 3 attempts: 400 Client Error: Bad Request for url: https://clob.polymarket.com/prices-history?market=BTC-USD&interval=1m&fidelity=5
[2026-03-25 14:34:58 UTC] Kraken price fallback: $71,478.00
[2026-03-25 14:34:58 UTC] ──────────────────────────────────────────────────
[2026-03-25 14:34:58 UTC] OUTCOME ❌  Signal: DOWN | Actual: UP
[2026-03-25 14:34:58 UTC] Price:  $71,296.10 → $71,478.00 (+$181.90)
[2026-03-25 14:34:58 UTC] P&L this trade: $-5.00
[2026-03-25 14:34:58 UTC] ──────────────────────────────────────────────────
[2026-03-25 14:34:58 UTC] 📊 PERFORMANCE SUMMARY
[2026-03-25 14:34:58 UTC]    Trades:     4 (3W / 1L)
[2026-03-25 14:34:58 UTC]    Win rate:   75.0% (✅ above 52.6% break-even)
[2026-03-25 14:34:58 UTC]    Total P&L:  $+8.50
[2026-03-25 14:34:58 UTC]    Best trade: $+4.50
[2026-03-25 14:34:58 UTC]    Worst:      $-5.00
[2026-03-25 14:34:58 UTC]    Loss streak:1 (circuit breaker at 5)
[2026-03-25 14:34:58 UTC] Strategy 'previous_candle' → UP
[2026-03-25 14:34:58 UTC] 📝 [PAPER TRADE] $5.0 → UP at Chainlink $71,478.00
[2026-03-25 14:34:58 UTC] ==================================================
